\BOOKMARK [0][-]{chapter.1}{Graphical Indoor Positioning : the Android application}{}% 1
\BOOKMARK [1][-]{section.1.1}{Purpose of the android application}{chapter.1}% 2
\BOOKMARK [1][-]{section.1.2}{Architecture}{chapter.1}% 3
\BOOKMARK [2][-]{subsection.1.2.1}{Activity part}{section.1.2}% 4
\BOOKMARK [2][-]{subsection.1.2.2}{Viewport part}{section.1.2}% 5
\BOOKMARK [2][-]{subsection.1.2.3}{WorldMap part}{section.1.2}% 6
\BOOKMARK [1][-]{section.1.3}{Choices made and relevant details}{chapter.1}% 7
\BOOKMARK [2][-]{subsection.1.3.1}{Modifying the settings only at the beginning}{section.1.3}% 8
\BOOKMARK [1][-]{section.1.4}{User guide}{chapter.1}% 9
\BOOKMARK [1][-]{section.1.5}{Ameliorations}{chapter.1}% 10
\BOOKMARK [0][-]{chapter.2}{TP-Link devices : the programmable WiFi Access Points}{}% 11
\BOOKMARK [1][-]{section.2.1}{Goal of the TP-Link device}{chapter.2}% 12
\BOOKMARK [1][-]{section.2.2}{Sequence diagram of the communication}{chapter.2}% 13
\BOOKMARK [1][-]{section.2.3}{Algorithms}{chapter.2}% 14
\BOOKMARK [2][-]{subsection.2.3.1}{Rssi retrievement}{section.2.3}% 15
\BOOKMARK [2][-]{subsection.2.3.2}{Socket connections}{section.2.3}% 16
\BOOKMARK [1][-]{section.2.4}{Encountered Problems}{chapter.2}% 17
\BOOKMARK [0][-]{chapter.3}{Positioning system : a two-threaded server}{}% 18
\BOOKMARK [1][-]{section.3.1}{Why use sockets and not JavaEE ?}{chapter.3}% 19
\BOOKMARK [2][-]{subsection.3.1.1}{Architecture of the server}{section.3.1}% 20
\BOOKMARK [2][-]{subsection.3.1.2}{Socket Channels replacing Threads}{section.3.1}% 21
\BOOKMARK [2][-]{subsection.3.1.3}{Service Oriented Architecture}{section.3.1}% 22
\BOOKMARK [2][-]{subsection.3.1.4}{A database accessed through ORM}{section.3.1}% 23
\BOOKMARK [2][-]{subsection.3.1.5}{How communication is performed between devices ?}{section.3.1}% 24
\BOOKMARK [2][-]{subsection.3.1.6}{How are the errors managed ?}{section.3.1}% 25
\BOOKMARK [-1][-]{chapter*.49}{Appendix}{}% 26
